
Configuring for:
  hash table:       80000000 bases.
  read stream:    1000000000 bases.


       Raw          Raw  Corrected    Corrected    Trimmed      Trimmed
     Reads        Bases      Reads        Bases      Reads        Bases
---------- ------------ ---------- ------------ ---------- ------------
         0            0        263      2234288        263      2234288
         0            0        526      4415555        526      4415555
         0            0        789      6698541        789      6698541
         0            0       1052      8836832       1052      8836832
         0            0       1315     11333101       1315     11333101
         0            0       1578     13534855       1578     13534855
         0            0       1841     15693994       1841     15693994
         0            0       2104     17947094       2104     17947094
         0            0       2367     20226419       2367     20226419
         0            0       2630     22660521       2630     22660521
         0            0       2893     24873595       2893     24873595
         0            0       3156     27051966       3156     27051966
         0            0       3419     29459683       3419     29459683
         0            0       3682     31883998       3682     31883998
         0            0       3945     34098904       3945     34098904
         0            0       4208     36104267       4208     36104267
         0            0       4471     38420891       4471     38420891
         0            0       4734     40770745       4734     40770745
         0            0       4997     43026901       4997     43026901
         0            0       5260     45418357       5260     45418357
         0            0       5523     47761986       5523     47761986
         0            0       5786     50036675       5786     50036675
         0            0       6049     52354955       6049     52354955
         0            0       6312     54550460       6312     54550460
         0            0       6575     56708055       6575     56708055
         0            0       6838     58885062       6838     58885062
         0            0       7101     61160797       7101     61160797
         0            0       7364     63547540       7364     63547540
         0            0       7627     66158837       7627     66158837
         0            0       7890     68462701       7890     68462701
         0            0       8153     71061778       8153     71061778
         0            0       8416     73329035       8416     73329035
         0            0       8679     75508721       8679     75508721
         0            0       8942     77768528       8942     77768528
         0            0       9205     79936105       9205     79936105
         0            0       9468     82355913       9468     82355913
         0            0       9731     84810115       9731     84810115
         0            0       9994     87001107       9994     87001107
---------- ------------ ---------- ------------ ---------- ------------
         0            0      10222     88900934      10222     88900934

  Job       Hash Range        # Reads      # Bases      Stream Range        # Reads      # Bases
----- --------------------- --------- ------------  --------------------- --------- ------------
    1          1-9212            9212     80004503           1-9212           10222     88911156
    2       9213-10222           1010      8906653           1-10222          10222     88911156
