
Found perl:
   /usr/bin/perl
   This is perl 5, version 34, subversion 1 (v5.34.1) built for darwin-thread-multi-2level

Found java:
   /usr/bin/java
   java version "22.0.2" 2024-07-16

Found canu:
   /Users/pfb2024/PFB_problemsets/GenomeAssembly/canu-2.2/bin/canu
   canu 2.2

Running job 1 based on command line options.
sqCache: found 10222 corrected-trimmed reads with 88900934 bases.
Initializing 6 work areas.
Loading reference reads 1-9212 inclusive.
Loading 9212 reads and 79995291 bases from range 1-9212 inclusive.
Loading        1 <     4567 <     9212 -   49.57% - 0.01 GBLoading        1 <     9134 <     9212 -   99.15% - 0.02 GBLoading        1 <     9212 <     9212 -  100.00% - 0.02 GB
Build_Hash_Index from 1 to 9212

Found 9212 reads with length 80004503 to load; 0 skipped by being too short; 0 skipped per library restriction
String_Ct:           0/        9212  totalLen:        5947/    80004503  Hash_Entries:        5925/    70464307  Load: 0.01%
HASH LOADING STOPPED: curID            9212 out of         9212
HASH LOADING STOPPED: length       80004503 out of     80004503 max.
HASH LOADING STOPPED: entries      13615808 out of     70464307 max (load 15.46).

Read 563 kmers to mark to skip


Range: 1-9212.  Store has 10222 reads.
Chunk: 192 reads/thread -- (G.endRefID=9212 - G.bgnRefID=1) / G.Num_PThreads=6 / 8

Starting 1-9212 with 192 per thread

Thread 01 processes reads 193-384
Thread 02 processes reads 385-576
Thread 05 processes reads 961-1152
Thread 03 processes reads 577-768
Thread 04 processes reads 769-960
Thread 00 processes reads 1-192
Thread 04 writes    reads 769-960 (4472 overlaps 4472/13601/0 kmer hits with/without overlap/skipped)
Thread 04 processes reads 1153-1344
Thread 03 writes    reads 577-768 (4656 overlaps 4656/17863/0 kmer hits with/without overlap/skipped)
Thread 03 processes reads 1345-1536
Thread 02 writes    reads 385-576 (4594 overlaps 4594/22497/0 kmer hits with/without overlap/skipped)
Thread 02 processes reads 1537-1728
Thread 00 writes    reads 1-192 (4639 overlaps 4639/20029/0 kmer hits with/without overlap/skipped)
Thread 00 processes reads 1729-1920
Thread 01 writes    reads 193-384 (4391 overlaps 4391/20498/0 kmer hits with/without overlap/skipped)
Thread 01 processes reads 1921-2112
Thread 05 writes    reads 961-1152 (4324 overlaps 4324/21773/0 kmer hits with/without overlap/skipped)
Thread 05 processes reads 2113-2304
Thread 04 writes    reads 1153-1344 (4250 overlaps 4250/22842/0 kmer hits with/without overlap/skipped)
Thread 04 processes reads 2305-2496
Thread 02 writes    reads 1537-1728 (3834 overlaps 3834/18408/0 kmer hits with/without overlap/skipped)
Thread 02 processes reads 2497-2688
Thread 03 writes    reads 1345-1536 (3981 overlaps 3981/17125/0 kmer hits with/without overlap/skipped)
Thread 03 processes reads 2689-2880
Thread 01 writes    reads 1921-2112 (3704 overlaps 3704/14935/0 kmer hits with/without overlap/skipped)
Thread 01 processes reads 2881-3072
Thread 00 writes    reads 1729-1920 (4006 overlaps 4006/18503/0 kmer hits with/without overlap/skipped)
Thread 00 processes reads 3073-3264
Thread 05 writes    reads 2113-2304 (3675 overlaps 3675/17422/0 kmer hits with/without overlap/skipped)
Thread 05 processes reads 3265-3456
Thread 00 writes    reads 3073-3264 (3073 overlaps 3073/14871/0 kmer hits with/without overlap/skipped)
Thread 00 processes reads 3457-3648
Thread 01 writes    reads 2881-3072 (3437 overlaps 3437/15790/0 kmer hits with/without overlap/skipped)
Thread 01 processes reads 3649-3840
Thread 03 writes    reads 2689-2880 (3407 overlaps 3407/15479/0 kmer hits with/without overlap/skipped)
Thread 03 processes reads 3841-4032
Thread 02 writes    reads 2497-2688 (3274 overlaps 3274/16533/0 kmer hits with/without overlap/skipped)
Thread 02 processes reads 4033-4224
Thread 04 writes    reads 2305-2496 (3625 overlaps 3625/20222/0 kmer hits with/without overlap/skipped)
Thread 04 processes reads 4225-4416
Thread 05 writes    reads 3265-3456 (3115 overlaps 3115/16748/0 kmer hits with/without overlap/skipped)
Thread 05 processes reads 4417-4608
Thread 03 writes    reads 3841-4032 (2598 overlaps 2598/9451/0 kmer hits with/without overlap/skipped)
Thread 03 processes reads 4609-4800
Thread 02 writes    reads 4033-4224 (2391 overlaps 2391/12233/0 kmer hits with/without overlap/skipped)
Thread 02 processes reads 4801-4992
Thread 01 writes    reads 3649-3840 (3052 overlaps 3052/12077/0 kmer hits with/without overlap/skipped)
Thread 01 processes reads 4993-5184
Thread 05 writes    reads 4417-4608 (2406 overlaps 2406/12380/0 kmer hits with/without overlap/skipped)
Thread 05 processes reads 5185-5376
Thread 00 writes    reads 3457-3648 (2987 overlaps 2987/15820/0 kmer hits with/without overlap/skipped)
Thread 00 processes reads 5377-5568
Thread 04 writes    reads 4225-4416 (2512 overlaps 2512/12009/0 kmer hits with/without overlap/skipped)
Thread 04 processes reads 5569-5760
Thread 03 writes    reads 4609-4800 (2367 overlaps 2367/11762/0 kmer hits with/without overlap/skipped)
Thread 03 processes reads 5761-5952
Thread 02 writes    reads 4801-4992 (2365 overlaps 2365/10208/0 kmer hits with/without overlap/skipped)
Thread 02 processes reads 5953-6144
Thread 01 writes    reads 4993-5184 (2117 overlaps 2117/10987/0 kmer hits with/without overlap/skipped)
Thread 01 processes reads 6145-6336
Thread 00 writes    reads 5377-5568 (1969 overlaps 1969/11005/0 kmer hits with/without overlap/skipped)
Thread 00 processes reads 6337-6528
Thread 05 writes    reads 5185-5376 (2128 overlaps 2128/9806/0 kmer hits with/without overlap/skipped)
Thread 05 processes reads 6529-6720
Thread 04 writes    reads 5569-5760 (1977 overlaps 1977/10322/0 kmer hits with/without overlap/skipped)
Thread 04 processes reads 6721-6912
Thread 03 writes    reads 5761-5952 (1676 overlaps 1676/8374/0 kmer hits with/without overlap/skipped)
Thread 03 processes reads 6913-7104
Thread 01 writes    reads 6145-6336 (1581 overlaps 1581/9168/0 kmer hits with/without overlap/skipped)
Thread 01 processes reads 7105-7296
Thread 05 writes    reads 6529-6720 (1312 overlaps 1312/5412/0 kmer hits with/without overlap/skipped)
Thread 05 processes reads 7297-7488
Thread 02 writes    reads 5953-6144 (1690 overlaps 1690/7623/0 kmer hits with/without overlap/skipped)
Thread 02 processes reads 7489-7680
Thread 00 writes    reads 6337-6528 (1343 overlaps 1343/5675/0 kmer hits with/without overlap/skipped)
Thread 00 processes reads 7681-7872
Thread 04 writes    reads 6721-6912 (1357 overlaps 1357/5718/0 kmer hits with/without overlap/skipped)
Thread 04 processes reads 7873-8064
Thread 03 writes    reads 6913-7104 (1072 overlaps 1072/5950/0 kmer hits with/without overlap/skipped)
Thread 03 processes reads 8065-8256
Thread 00 writes    reads 7681-7872 (767 overlaps 767/3709/0 kmer hits with/without overlap/skipped)
Thread 00 processes reads 8257-8448
Thread 01 writes    reads 7105-7296 (1140 overlaps 1140/5784/0 kmer hits with/without overlap/skipped)
Thread 01 processes reads 8449-8640
Thread 05 writes    reads 7297-7488 (1053 overlaps 1053/6151/0 kmer hits with/without overlap/skipped)
Thread 05 processes reads 8641-8832
Thread 02 writes    reads 7489-7680 (923 overlaps 923/4464/0 kmer hits with/without overlap/skipped)
Thread 02 processes reads 8833-9024
Thread 04 writes    reads 7873-8064 (702 overlaps 702/3526/0 kmer hits with/without overlap/skipped)
Thread 04 processes reads 9025-9212
Thread 01 writes    reads 8449-8640 (345 overlaps 345/1606/0 kmer hits with/without overlap/skipped)
Thread 00 writes    reads 8257-8448 (447 overlaps 447/2184/0 kmer hits with/without overlap/skipped)
Thread 05 writes    reads 8641-8832 (236 overlaps 236/1018/0 kmer hits with/without overlap/skipped)
Thread 03 writes    reads 8065-8256 (586 overlaps 586/2847/0 kmer hits with/without overlap/skipped)
Thread 04 writes    reads 9025-9212 (60 overlaps 60/167/0 kmer hits with/without overlap/skipped)
Thread 02 writes    reads 8833-9024 (150 overlaps 150/805/0 kmer hits with/without overlap/skipped)
Bye.
