-- canu 2.2
--
-- CITATIONS
--
-- For 'standard' assemblies of PacBio or Nanopore reads:
--   Koren S, Walenz BP, Berlin K, Miller JR, Phillippy AM.
--   Canu: scalable and accurate long-read assembly via adaptive k-mer weighting and repeat separation.
--   Genome Res. 2017 May;27(5):722-736.
--   http://doi.org/10.1101/gr.215087.116
-- 
-- Read and contig alignments during correction and consensus use:
--   Šošic M, Šikic M.
--   Edlib: a C/C ++ library for fast, exact sequence alignment using edit distance.
--   Bioinformatics. 2017 May 1;33(9):1394-1395.
--   http://doi.org/10.1093/bioinformatics/btw753
-- 
-- Overlaps are generated using:
--   Berlin K, et al.
--   Assembling large genomes with single-molecule sequencing and locality-sensitive hashing.
--   Nat Biotechnol. 2015 Jun;33(6):623-30.
--   http://doi.org/10.1038/nbt.3238
-- 
--   Myers EW, et al.
--   A Whole-Genome Assembly of Drosophila.
--   Science. 2000 Mar 24;287(5461):2196-204.
--   http://doi.org/10.1126/science.287.5461.2196
-- 
-- Corrected read consensus sequences are generated using an algorithm derived from FALCON-sense:
--   Chin CS, et al.
--   Phased diploid genome assembly with single-molecule real-time sequencing.
--   Nat Methods. 2016 Dec;13(12):1050-1054.
--   http://doi.org/10.1038/nmeth.4035
-- 
-- Contig consensus sequences are generated using an algorithm derived from pbdagcon:
--   Chin CS, et al.
--   Nonhybrid, finished microbial genome assemblies from long-read SMRT sequencing data.
--   Nat Methods. 2013 Jun;10(6):563-9
--   http://doi.org/10.1038/nmeth.2474
-- 
-- CONFIGURE CANU
--
-- Detected Java(TM) Runtime Environment '22.0.2' (from 'java') without -d64 support.
--
-- WARNING:
-- WARNING:  Failed to run gnuplot using command 'gnuplot'.
-- WARNING:  Plots will be disabled.
-- WARNING:
--
--
-- Detected 6 CPUs and 16 gigabytes of memory on the local machine.
--
-- Local machine mode enabled; grid support not detected or not allowed.
--
--                                (tag)Concurrency
--                         (tag)Threads          |
--                (tag)Memory         |          |
--        (tag)             |         |          |       total usage      algorithm
--        -------  ----------  --------   --------  --------------------  -----------------------------
-- Local: meryl      8.000 GB    3 CPUs x   2 jobs    16.000 GB   6 CPUs  (k-mer counting)
-- Local: hap        8.000 GB    3 CPUs x   2 jobs    16.000 GB   6 CPUs  (read-to-haplotype assignment)
-- Local: cormhap    6.000 GB    6 CPUs x   1 job      6.000 GB   6 CPUs  (overlap detection with mhap)
-- Local: obtovl     4.000 GB    6 CPUs x   1 job      4.000 GB   6 CPUs  (overlap detection)
-- Local: utgovl     4.000 GB    6 CPUs x   1 job      4.000 GB   6 CPUs  (overlap detection)
-- Local: cor        -.--- GB    4 CPUs x   - jobs     -.--- GB   - CPUs  (read correction)
-- Local: ovb        4.000 GB    1 CPU  x   4 jobs    16.000 GB   4 CPUs  (overlap store bucketizer)
-- Local: ovs        8.000 GB    1 CPU  x   2 jobs    16.000 GB   2 CPUs  (overlap store sorting)
-- Local: red        8.000 GB    3 CPUs x   2 jobs    16.000 GB   6 CPUs  (read error detection)
-- Local: oea        8.000 GB    1 CPU  x   2 jobs    16.000 GB   2 CPUs  (overlap error adjustment)
-- Local: bat       16.000 GB    4 CPUs x   1 job     16.000 GB   4 CPUs  (contig construction with bogart)
-- Local: cns        -.--- GB    4 CPUs x   - jobs     -.--- GB   - CPUs  (consensus)
--
-- Found untrimmed raw PacBio CLR reads in the input files.
--
-- Generating assembly 'ecoli' in '/Users/pfb2024/PFB_problemsets/GenomeAssembly/defaultrun10xdepth':
--   genomeSize:
--     4800000
--
--   Overlap Generation Limits:
--     corOvlErrorRate 0.2400 ( 24.00%)
--     obtOvlErrorRate 0.0450 (  4.50%)
--     utgOvlErrorRate 0.0450 (  4.50%)
--
--   Overlap Processing Limits:
--     corErrorRate    0.2500 ( 25.00%)
--     obtErrorRate    0.0450 (  4.50%)
--     utgErrorRate    0.0450 (  4.50%)
--     cnsErrorRate    0.0750 (  7.50%)
--
--   Stages to run:
--     correct raw reads.
--     trim corrected reads.
--     assemble corrected and trimmed reads.
--
--
-- BEGIN CORRECTION
----------------------------------------
-- Starting command on Wed Oct 23 16:35:28 2024 with 874.013 GB free disk space

    cd .
    ./ecoli.seqStore.sh \
    > ./ecoli.seqStore.err 2>&1

-- Finished on Wed Oct 23 16:35:28 2024 (fast as lightning) with 874.01 GB free disk space
----------------------------------------
--
-- In sequence store './ecoli.seqStore':
--   Found 1248 reads.
--   Found 11150786 bases (2.32 times coverage).
--    Histogram of raw reads:
--    
--    G=11150786                         sum of  ||               length     num
--    NG         length     index       lengths  ||                range    seqs
--    ----- ------------ --------- ------------  ||  ------------------- -------
--    00010        24037        39      1130947  ||       1031-1837          128|---------------------------------------------------------------
--    00020        20786        89      2242336  ||       1838-2644          119|-----------------------------------------------------------
--    00030        18673       145      3351309  ||       2645-3451          101|--------------------------------------------------
--    00040        16188       209      4463918  ||       3452-4258           98|-------------------------------------------------
--    00050        14011       283      5583898  ||       4259-5065           66|---------------------------------
--    00060        11864       369      6697125  ||       5066-5872           50|-------------------------
--    00070         9609       472      7806868  ||       5873-6679           50|-------------------------
--    00080         7222       606      8924877  ||       6680-7486           44|----------------------
--    00090         4229       804     10035709  ||       7487-8293           50|-------------------------
--    00100         1031      1247     11150786  ||       8294-9100           41|---------------------
--    001.000x                1248     11150786  ||       9101-9907           44|----------------------
--                                               ||       9908-10714          31|----------------
--                                               ||      10715-11521          40|--------------------
--                                               ||      11522-12328          36|------------------
--                                               ||      12329-13135          31|----------------
--                                               ||      13136-13942          31|----------------
--                                               ||      13943-14749          23|------------
--                                               ||      14750-15556          37|-------------------
--                                               ||      15557-16363          24|------------
--                                               ||      16364-17170          21|-----------
--                                               ||      17171-17977          22|-----------
--                                               ||      17978-18784          18|---------
--                                               ||      18785-19591          16|--------
--                                               ||      19592-20398          27|--------------
--                                               ||      20399-21205          20|----------
--                                               ||      21206-22012          14|-------
--                                               ||      22013-22819           9|-----
--                                               ||      22820-23626          13|-------
--                                               ||      23627-24433          11|------
--                                               ||      24434-25240           2|-
--                                               ||      25241-26047           5|---
--                                               ||      26048-26854           9|-----
--                                               ||      26855-27661           2|-
--                                               ||      27662-28468           2|-
--                                               ||      28469-29275           3|--
--                                               ||      29276-30082           0|
--                                               ||      30083-30889           2|-
--                                               ||      30890-31696           1|-
--                                               ||      31697-32503           1|-
--                                               ||      32504-33310           1|-
--                                               ||      33311-34117           1|-
--                                               ||      34118-34924           0|
--                                               ||      34925-35731           0|
--                                               ||      35732-36538           0|
--                                               ||      36539-37345           0|
--                                               ||      37346-38152           2|-
--                                               ||      38153-38959           0|
--                                               ||      38960-39766           0|
--                                               ||      39767-40573           1|-
--                                               ||      40574-41380           1|-
--    
--
-- ERROR:  Read coverage (2.32) lower than allowed.
-- ERROR:    minInputCoverage  = 10
-- ERROR:
-- ERROR:  This could be caused by an incorrect genomeSize.
-- ERROR:
-- ERROR:  You can force Canu to continue by decreasing parameter
-- ERROR:  minInputCoverage.  Be warned that the quality of corrected
-- ERROR:  reads and/or contiguity of contigs will be poor.
--

ABORT:
ABORT: canu 2.2
ABORT: Don't panic, but a mostly harmless error occurred and Canu stopped.
ABORT: Try restarting.  If that doesn't work, ask for help.
ABORT:
