-- canu 2.2
--
-- CITATIONS
--
-- For 'standard' assemblies of PacBio or Nanopore reads:
--   Koren S, Walenz BP, Berlin K, Miller JR, Phillippy AM.
--   Canu: scalable and accurate long-read assembly via adaptive k-mer weighting and repeat separation.
--   Genome Res. 2017 May;27(5):722-736.
--   http://doi.org/10.1101/gr.215087.116
-- 
-- Read and contig alignments during correction and consensus use:
--   Šošic M, Šikic M.
--   Edlib: a C/C ++ library for fast, exact sequence alignment using edit distance.
--   Bioinformatics. 2017 May 1;33(9):1394-1395.
--   http://doi.org/10.1093/bioinformatics/btw753
-- 
-- Overlaps are generated using:
--   Berlin K, et al.
--   Assembling large genomes with single-molecule sequencing and locality-sensitive hashing.
--   Nat Biotechnol. 2015 Jun;33(6):623-30.
--   http://doi.org/10.1038/nbt.3238
-- 
--   Myers EW, et al.
--   A Whole-Genome Assembly of Drosophila.
--   Science. 2000 Mar 24;287(5461):2196-204.
--   http://doi.org/10.1126/science.287.5461.2196
-- 
-- Corrected read consensus sequences are generated using an algorithm derived from FALCON-sense:
--   Chin CS, et al.
--   Phased diploid genome assembly with single-molecule real-time sequencing.
--   Nat Methods. 2016 Dec;13(12):1050-1054.
--   http://doi.org/10.1038/nmeth.4035
-- 
-- Contig consensus sequences are generated using an algorithm derived from pbdagcon:
--   Chin CS, et al.
--   Nonhybrid, finished microbial genome assemblies from long-read SMRT sequencing data.
--   Nat Methods. 2013 Jun;10(6):563-9
--   http://doi.org/10.1038/nmeth.2474
-- 
-- CONFIGURE CANU
--
-- Detected Java(TM) Runtime Environment '22.0.2' (from 'java') without -d64 support.
--
-- WARNING:
-- WARNING:  Failed to run gnuplot using command 'gnuplot'.
-- WARNING:  Plots will be disabled.
-- WARNING:
--
--
-- Detected 6 CPUs and 16 gigabytes of memory on the local machine.
--
-- Local machine mode enabled; grid support not detected or not allowed.
--
--                                (tag)Concurrency
--                         (tag)Threads          |
--                (tag)Memory         |          |
--        (tag)             |         |          |       total usage      algorithm
--        -------  ----------  --------   --------  --------------------  -----------------------------
-- Local: meryl      8.000 GB    3 CPUs x   2 jobs    16.000 GB   6 CPUs  (k-mer counting)
-- Local: hap        8.000 GB    3 CPUs x   2 jobs    16.000 GB   6 CPUs  (read-to-haplotype assignment)
-- Local: cormhap    6.000 GB    6 CPUs x   1 job      6.000 GB   6 CPUs  (overlap detection with mhap)
-- Local: obtovl     4.000 GB    6 CPUs x   1 job      4.000 GB   6 CPUs  (overlap detection)
-- Local: utgovl     4.000 GB    6 CPUs x   1 job      4.000 GB   6 CPUs  (overlap detection)
-- Local: cor        -.--- GB    4 CPUs x   - jobs     -.--- GB   - CPUs  (read correction)
-- Local: ovb        4.000 GB    1 CPU  x   4 jobs    16.000 GB   4 CPUs  (overlap store bucketizer)
-- Local: ovs        8.000 GB    1 CPU  x   2 jobs    16.000 GB   2 CPUs  (overlap store sorting)
-- Local: red        8.000 GB    3 CPUs x   2 jobs    16.000 GB   6 CPUs  (read error detection)
-- Local: oea        8.000 GB    1 CPU  x   2 jobs    16.000 GB   2 CPUs  (overlap error adjustment)
-- Local: bat       16.000 GB    4 CPUs x   1 job     16.000 GB   4 CPUs  (contig construction with bogart)
-- Local: cns        -.--- GB    4 CPUs x   - jobs     -.--- GB   - CPUs  (consensus)
--
-- Found PacBio CLR reads in 'ecoli.seqStore':
--   Libraries:
--     PacBio CLR:            1
--   Reads:
--     Raw:                   115899341
--     Corrected:             91164215
--
--
-- Generating assembly 'ecoli' in '/Users/pfb2024/PFB_problemsets/GenomeAssembly/manualruns':
--   genomeSize:
--     4800000
--
--   Overlap Generation Limits:
--     corOvlErrorRate 0.2400 ( 24.00%)
--     obtOvlErrorRate 0.0450 (  4.50%)
--     utgOvlErrorRate 0.0450 (  4.50%)
--
--   Overlap Processing Limits:
--     corErrorRate    0.2500 ( 25.00%)
--     obtErrorRate    0.0450 (  4.50%)
--     utgErrorRate    0.0450 (  4.50%)
--     cnsErrorRate    0.0750 (  7.50%)
--
--   Stages to run:
--     only trim corrected reads.
--
--
-- Correction skipped; not enabled.
--
-- BEGIN TRIMMING
----------------------------------------
-- Starting command on Wed Oct 23 16:48:06 2024 with 873.938 GB free disk space

    cd trimming/0-mercounts
    ./meryl-configure.sh \
    > ./meryl-configure.err 2>&1

-- Finished on Wed Oct 23 16:48:06 2024 (furiously fast) with 873.938 GB free disk space
----------------------------------------
--  segments   memory batches
--  -------- -------- -------
--        01  0.37 GB       2
--
--  For 10330 reads with 91164215 bases, limit to 1 batch.
--  Will count kmers using 01 jobs, each using 2 GB and 3 threads.
--
-- Finished stage 'merylConfigure', reset canuIteration.
--
-- Running jobs.  First attempt out of 2.
----------------------------------------
-- Starting 'meryl' concurrent execution on Wed Oct 23 16:48:06 2024 with 873.938 GB free disk space (1 processes; 2 concurrently)

    cd trimming/0-mercounts
    ./meryl-count.sh 1 > ./meryl-count.000001.out 2>&1

-- Finished on Wed Oct 23 16:48:15 2024 (9 seconds) with 873.864 GB free disk space
----------------------------------------
-- Found 1 Kmer counting (meryl) outputs.
-- Finished stage 'obt-merylCountCheck', reset canuIteration.
--
-- Running jobs.  First attempt out of 2.
----------------------------------------
-- Starting 'meryl' concurrent execution on Wed Oct 23 16:48:15 2024 with 873.864 GB free disk space (1 processes; 2 concurrently)

    cd trimming/0-mercounts
    ./meryl-process.sh 1 > ./meryl-process.000001.out 2>&1

-- Finished on Wed Oct 23 16:48:17 2024 (2 seconds) with 873.901 GB free disk space
----------------------------------------
-- Meryl finished successfully.  Kmer frequency histogram:
--
-- WARNING: gnuplot failed.
--
----------------------------------------
--
--  22-mers                                                                                           Fraction
--    Occurrences   NumMers                                                                         Unique Total
--       1-     1         0                                                                        0.0000 0.0000
--       2-     2    493962 ******************                                                     0.0899 0.0114
--       3-     4    308619 ***********                                                            0.1257 0.0182
--       5-     7    213487 *******                                                                0.1607 0.0279
--       8-    11    426123 ***************                                                        0.1988 0.0449
--      12-    16   1248828 **********************************************                         0.2930 0.1090
--      17-    22   1878168 ********************************************************************** 0.5505 0.3564
--      23-    29    814052 ******************************                                         0.8712 0.7674
--      30-    37     82053 ***                                                                    0.9840 0.9515
--      38-    46     10019                                                                        0.9947 0.9737
--      47-    56      5535                                                                        0.9964 0.9781
--      57-    67      3210                                                                        0.9972 0.9810
--      68-    79      1859                                                                        0.9978 0.9833
--      80-    92      2123                                                                        0.9981 0.9848
--      93-   106      2824                                                                        0.9985 0.9870
--     107-   121      1764                                                                        0.9991 0.9903
--     122-   137       966                                                                        0.9994 0.9925
--     138-   154       490                                                                        0.9995 0.9939
--     155-   172       741                                                                        0.9996 0.9948
--     173-   191       132                                                                        0.9998 0.9960
--     192-   211       156                                                                        0.9998 0.9963
--     212-   232       478                                                                        0.9998 0.9967
--     233-   254       319                                                                        0.9999 0.9980
--     255-   277       224                                                                        1.0000 0.9988
--     278-   301         4                                                                        1.0000 0.9995
--     302-   326         5                                                                        1.0000 0.9995
--     327-   352         2                                                                        1.0000 0.9995
--     353-   379         1                                                                        1.0000 0.9995
--     380-   407         2                                                                        1.0000 0.9995
--     408-   436         0                                                                        0.0000 0.0000
--     437-   466         6                                                                        1.0000 0.9995
--     467-   497         1                                                                        1.0000 0.9995
--     498-   529         2                                                                        1.0000 0.9995
--     530-   562         4                                                                        1.0000 0.9996
--     563-   596         1                                                                        1.0000 0.9996
--     597-   631         0                                                                        0.0000 0.0000
--     632-   667         4                                                                        1.0000 0.9996
--     668-   704         0                                                                        0.0000 0.0000
--     705-   742         3                                                                        1.0000 0.9996
--     743-   781         3                                                                        1.0000 0.9996
--     782-   821         1                                                                        1.0000 0.9997
--
--           0 (max occurrences)
--    86929104 (total mers, non-unique)
--     5496198 (distinct mers, non-unique)
--           0 (unique mers)
-- Finished stage 'meryl-process', reset canuIteration.
--
-- Removing meryl database 'trimming/0-mercounts/ecoli.ms22'.
--
-- OVERLAPPER (normal) (trimming) erate=0.045
--
----------------------------------------
-- Starting command on Wed Oct 23 16:48:17 2024 with 873.937 GB free disk space

    cd trimming/1-overlapper
    /Users/pfb2024/PFB_problemsets/GenomeAssembly/canu-2.2/bin/overlapInCorePartition \
     -S  ../../ecoli.seqStore \
     -hl 80000000 \
     -rl 1000000000 \
     -ol 500 \
     -o  ./ecoli.partition \
    > ./ecoli.partition.err 2>&1

-- Finished on Wed Oct 23 16:48:18 2024 (one second) with 873.937 GB free disk space
----------------------------------------
--
-- Configured 2 overlapInCore jobs.
-- Finished stage 'obt-overlapConfigure', reset canuIteration.
--
-- Running jobs.  First attempt out of 2.
----------------------------------------
-- Starting 'obtovl' concurrent execution on Wed Oct 23 16:48:18 2024 with 873.937 GB free disk space (2 processes; 1 concurrently)

    cd trimming/1-overlapper
    ./overlap.sh 1 > ./overlap.000001.out 2>&1
    ./overlap.sh 2 > ./overlap.000002.out 2>&1

-- Finished on Wed Oct 23 16:49:05 2024 (47 seconds) with 873.93 GB free disk space
----------------------------------------
-- Found 2 overlapInCore output files.
--
-- overlapInCore compute 'trimming/1-overlapper':
--   kmer hits
--     with no overlap           589596      294798 +- 222868.743
--     with an overlap           269472      134736 +- 100090.964
--
--   overlaps                    269439    134719.5 +- 100080.358
--     contained                      0           0 +- 0
--     dovetail                       0           0 +- 0
--
--   overlaps rejected
--     multiple per pair              0           0 +- 0
--     bad short window               0           0 +- 0
--     bad long window                0           0 +- 0
-- Finished stage 'obt-overlapCheck', reset canuIteration.
----------------------------------------
-- Starting command on Wed Oct 23 16:49:05 2024 with 873.93 GB free disk space

    cd trimming
    /Users/pfb2024/PFB_problemsets/GenomeAssembly/canu-2.2/bin/ovStoreConfig \
     -S ../ecoli.seqStore \
     -M 4-8 \
     -L ./1-overlapper/ovljob.files \
     -create ./ecoli.ovlStore.config \
     > ./ecoli.ovlStore.config.txt \
    2> ./ecoli.ovlStore.config.err

-- Finished on Wed Oct 23 16:49:05 2024 (in the blink of an eye) with 873.93 GB free disk space
----------------------------------------
--
-- Creating overlap store trimming/ecoli.ovlStore using:
--      2 buckets
--      2 slices
--        using at most 1 GB memory each
-- Finished stage 'obt-overlapStoreConfigure', reset canuIteration.
--
-- Running jobs.  First attempt out of 2.
----------------------------------------
-- Starting 'ovB' concurrent execution on Wed Oct 23 16:49:05 2024 with 873.93 GB free disk space (2 processes; 4 concurrently)

    cd trimming/ecoli.ovlStore.BUILDING
    ./scripts/1-bucketize.sh 1 > ./logs/1-bucketize.000001.out 2>&1
    ./scripts/1-bucketize.sh 2 > ./logs/1-bucketize.000002.out 2>&1

-- Finished on Wed Oct 23 16:49:05 2024 (in the blink of an eye) with 873.92 GB free disk space
----------------------------------------
-- Overlap store bucketizer finished.
-- Finished stage 'obt-overlapStoreBucketizerCheck', reset canuIteration.
--
-- Running jobs.  First attempt out of 2.
----------------------------------------
-- Starting 'ovS' concurrent execution on Wed Oct 23 16:49:05 2024 with 873.92 GB free disk space (2 processes; 2 concurrently)

    cd trimming/ecoli.ovlStore.BUILDING
    ./scripts/2-sort.sh 1 > ./logs/2-sort.000001.out 2>&1
    ./scripts/2-sort.sh 2 > ./logs/2-sort.000002.out 2>&1

-- Finished on Wed Oct 23 16:49:06 2024 (one second) with 873.918 GB free disk space
----------------------------------------
-- Overlap store sorter finished.
-- Finished stage 'obt-overlapStoreSorterCheck', reset canuIteration.
----------------------------------------
-- Starting command on Wed Oct 23 16:49:06 2024 with 873.918 GB free disk space

    cd trimming
    /Users/pfb2024/PFB_problemsets/GenomeAssembly/canu-2.2/bin/ovStoreIndexer \
      -O  ./ecoli.ovlStore.BUILDING \
      -S ../ecoli.seqStore \
      -C  ./ecoli.ovlStore.config \
      -delete \
    > ./ecoli.ovlStore.BUILDING.index.err 2>&1

-- Finished on Wed Oct 23 16:49:06 2024 (in the blink of an eye) with 873.919 GB free disk space
----------------------------------------
-- Overlap store indexer finished.
-- Checking store.
----------------------------------------
-- Starting command on Wed Oct 23 16:49:06 2024 with 873.919 GB free disk space

    cd trimming
    /Users/pfb2024/PFB_problemsets/GenomeAssembly/canu-2.2/bin/ovStoreDump \
     -S ../ecoli.seqStore \
     -O  ./ecoli.ovlStore \
     -counts \
     > ./ecoli.ovlStore/counts.dat 2> ./ecoli.ovlStore/counts.err

-- Finished on Wed Oct 23 16:49:06 2024 (like a bat out of hell) with 873.919 GB free disk space
----------------------------------------
--
-- Overlap store 'trimming/ecoli.ovlStore' successfully constructed.
-- Found 538944 overlaps for 10326 reads; 2202 reads have no overlaps.
--
--
-- Purged 0.005 GB in 6 overlap output files.
-- Finished stage 'obt-createOverlapStore', reset canuIteration.
----------------------------------------
-- Starting command on Wed Oct 23 16:49:06 2024 with 873.926 GB free disk space

    cd trimming/3-overlapbasedtrimming
    /Users/pfb2024/PFB_problemsets/GenomeAssembly/canu-2.2/bin/trimReads \
      -S  ../../ecoli.seqStore \
      -O  ../ecoli.ovlStore \
      -Co ./ecoli.1.trimReads.clear \
      -e  0.045 \
      -minlength 1000 \
      -ol 500 \
      -oc 2 \
      -o  ./ecoli.1.trimReads \
    >     ./ecoli.1.trimReads.err 2>&1

-- Finished on Wed Oct 23 16:49:06 2024 (like a bat out of hell) with 873.925 GB free disk space
----------------------------------------
--  PARAMETERS:
--  ----------
--     1000    (reads trimmed below this many bases are deleted)
--   0.0450    (use overlaps at or below this fraction error)
--      500    (break region if overlap is less than this long, for 'largest covered' algorithm)
--        2    (break region if overlap coverage is less than this many reads, for 'largest covered' algorithm)
--  
--  INPUT READS:
--  -----------
--   12528 reads     91164215 bases (reads processed)
--       0 reads            0 bases (reads not processed, previously deleted)
--       0 reads            0 bases (reads not processed, in a library where trimming isn't allowed)
--  
--  OUTPUT READS:
--  ------------
--    6140 reads     55456098 bases (trimmed reads output)
--    4082 reads     33446470 bases (reads with no change, kept as is)
--    2202 reads         4524 bases (reads with no overlaps, deleted)
--     104 reads       177982 bases (reads with short trimmed length, deleted)
--  
--  TRIMMING DETAILS:
--  ----------------
--    4470 reads      1140968 bases (bases trimmed from the 5' end of a read)
--    3131 reads       938173 bases (bases trimmed from the 3' end of a read)
-- Finished stage 'obt-trimReads', reset canuIteration.
----------------------------------------
-- Starting command on Wed Oct 23 16:49:06 2024 with 873.925 GB free disk space

    cd trimming/3-overlapbasedtrimming
    /Users/pfb2024/PFB_problemsets/GenomeAssembly/canu-2.2/bin/splitReads \
      -S  ../../ecoli.seqStore \
      -O  ../ecoli.ovlStore \
      -Ci ./ecoli.1.trimReads.clear \
      -Co ./ecoli.2.splitReads.clear \
      -e  0.045 \
      -minlength 1000 \
      -o  ./ecoli.2.splitReads \
    >     ./ecoli.2.splitReads.err 2>&1

-- Finished on Wed Oct 23 16:49:07 2024 (one second) with 873.924 GB free disk space
----------------------------------------
--  PARAMETERS:
--  ----------
--     1000    (reads trimmed below this many bases are deleted)
--   0.0450    (use overlaps at or below this fraction error)
--  INPUT READS:
--  -----------
--   10222 reads     90981709 bases (reads processed)
--    2306 reads       182506 bases (reads not processed, previously deleted)
--       0 reads            0 bases (reads not processed, in a library where trimming isn't allowed)
--  
--  PROCESSED:
--  --------
--       0 reads            0 bases (no overlaps)
--       0 reads            0 bases (no coverage after adjusting for trimming done already)
--       0 reads            0 bases (processed for chimera)
--       0 reads            0 bases (processed for spur)
--   10222 reads     90981709 bases (processed for subreads)
--  
--  READS WITH SIGNALS:
--  ------------------
--       0 reads            0 signals (number of 5' spur signal)
--       0 reads            0 signals (number of 3' spur signal)
--       0 reads            0 signals (number of chimera signal)
--       1 reads            1 signals (number of subread signal)
--  
--  SIGNALS:
--  -------
--       0 reads            0 bases (size of 5' spur signal)
--       0 reads            0 bases (size of 3' spur signal)
--       0 reads            0 bases (size of chimera signal)
--       1 reads          278 bases (size of subread signal)
--  
--  TRIMMING:
--  --------
--       1 reads         1634 bases (trimmed from the 5' end of the read)
--       0 reads            0 bases (trimmed from the 3' end of the read)
-- Finished stage 'obt-splitReads', reset canuIteration.
----------------------------------------
-- Starting command on Wed Oct 23 16:49:07 2024 with 873.924 GB free disk space

    cd trimming/3-overlapbasedtrimming
    /Users/pfb2024/PFB_problemsets/GenomeAssembly/canu-2.2/bin/loadTrimmedReads \
      -S ../../ecoli.seqStore \
      -c ./ecoli.2.splitReads.clear \
    > ./ecoli.loadTrimmedReads.err 2>&1

-- Finished on Wed Oct 23 16:49:07 2024 (furiously fast) with 873.923 GB free disk space
----------------------------------------
--
-- In sequence store './ecoli.seqStore':
--   Found 10222 reads.
--   Found 88900934 bases (18.52 times coverage).
--    Histogram of corrected-trimmed reads:
--    
--    G=88900934                         sum of  ||               length     num
--    NG         length     index       lengths  ||                range    seqs
--    ----- ------------ --------- ------------  ||  ------------------- -------
--    00010        21670       357      8910659  ||       1000-1774          914|---------------------------------------------------------------
--    00020        19049       798     17794436  ||       1775-2549          924|---------------------------------------------------------------
--    00030        17090      1292     26687177  ||       2550-3324          725|--------------------------------------------------
--    00040        15090      1845     35560410  ||       3325-4099          610|------------------------------------------
--    00050        13126      2477     44454551  ||       4100-4874          535|-------------------------------------
--    00060        11032      3216     53349660  ||       4875-5649          493|----------------------------------
--    00070         9086      4101     62238576  ||       5650-6424          458|--------------------------------
--    00080         7048      5208     71124238  ||       6425-7199          438|------------------------------
--    00090         4532      6755     80011052  ||       7200-7974          460|--------------------------------
--    00100         1000     10221     88900934  ||       7975-8749          394|---------------------------
--    001.000x               10222     88900934  ||       8750-9524          374|--------------------------
--                                               ||       9525-10299         355|-------------------------
--                                               ||      10300-11074         346|------------------------
--                                               ||      11075-11849         302|---------------------
--                                               ||      11850-12624         257|------------------
--                                               ||      12625-13399         266|-------------------
--                                               ||      13400-14174         246|-----------------
--                                               ||      14175-14949         230|----------------
--                                               ||      14950-15724         240|-----------------
--                                               ||      15725-16499         209|---------------
--                                               ||      16500-17274         205|--------------
--                                               ||      17275-18049         226|----------------
--                                               ||      18050-18824         164|------------
--                                               ||      18825-19599         197|--------------
--                                               ||      19600-20374         133|----------
--                                               ||      20375-21149         110|--------
--                                               ||      21150-21924          77|------
--                                               ||      21925-22699          68|-----
--                                               ||      22700-23474          57|----
--                                               ||      23475-24249          44|---
--                                               ||      24250-25024          35|---
--                                               ||      25025-25799          29|--
--                                               ||      25800-26574          27|--
--                                               ||      26575-27349          21|--
--                                               ||      27350-28124           9|-
--                                               ||      28125-28899           7|-
--                                               ||      28900-29674           8|-
--                                               ||      29675-30449           3|-
--                                               ||      30450-31224           8|-
--                                               ||      31225-31999           2|-
--                                               ||      32000-32774           5|-
--                                               ||      32775-33549           2|-
--                                               ||      33550-34324           3|-
--                                               ||      34325-35099           3|-
--                                               ||      35100-35874           0|
--                                               ||      35875-36649           1|-
--                                               ||      36650-37424           0|
--                                               ||      37425-38199           0|
--                                               ||      38200-38974           1|-
--                                               ||      38975-39749           1|-
--    
--
-- No trimmed reads generated, overlaps used for trimming saved.
-- Finished stage 'obt-dumpReads', reset canuIteration.
----------------------------------------
-- Starting command on Wed Oct 23 16:49:07 2024 with 873.924 GB free disk space

    cd .
    /Users/pfb2024/PFB_problemsets/GenomeAssembly/canu-2.2/bin/sqStoreDumpFASTQ \
      -trimmed \
      -S ./ecoli.seqStore \
      -o ./ecoli.trimmedReads.gz \
      -fasta \
      -trimmed -normal -nolibname \
    > ./ecoli.trimmedReads.fasta.err 2>&1

-- Finished on Wed Oct 23 16:49:08 2024 (one second) with 873.896 GB free disk space
----------------------------------------
--
-- Trimmed reads saved in 'ecoli.trimmedReads.fasta.gz'.
-- Finished stage 'cor-dumpTrimmedReads', reset canuIteration.
--
-- Unitigging skipped; not enabled.
--
-- Bye.
