
==> PARAMETERS.

Resources:
  Memory                16 GB
  Compute Threads       4

Lengths:
  Minimum read          0 bases
  Maximum read          4294967295 bases
  Minimum overlap       500 bases

Overlap Error Rates:
  Graph                 0.013 (1.300%)
  Max                   0.013 (1.300%)
  Forced                -.--- (-.---%)   (not used)

Deviations:
  Graph                 12.000
  Bubble                1.000
  Repeat                1.000

Similarity Thresholds:
  Graph                 0.000
  Bubble                0.010
  Repeat                0.010

Edge Confusion:
  Absolute              2500
  Percent               15.0000

Unitig Construction:
  Minimum intersection  500 bases
  Maxiumum placements   2 positions

Debugging Enabled:
  (none)

==> LOADING AND FILTERING OVERLAPS.

ReadInfo()-- Found       10222 reads.

OverlapCache()-- limited to 16384MB memory (user supplied).

OverlapCache()--       0MB for read data.
OverlapCache()--       0MB for best edges.
OverlapCache()--       1MB for tigs.
OverlapCache()--       0MB for tigs - read layouts.
OverlapCache()--       0MB for tigs - error profiles.
OverlapCache()--    4096MB for tigs - error profile overlaps.
OverlapCache()--    1638MB for other processes.
OverlapCache()-- ---------
OverlapCache()--    5736MB for data structures (sum of above).
OverlapCache()-- ---------
OverlapCache()--       0MB for overlap store structure.
OverlapCache()--   10647MB for overlap data.
OverlapCache()-- ---------
OverlapCache()--   16384MB allowed.
OverlapCache()--
OverlapCache()-- Retain at least 37 overlaps/read, based on 18.52x coverage.
OverlapCache()-- Initial guess at 68261 overlaps/read.
OverlapCache()--
OverlapCache()-- Adjusting for sparse overlaps.
OverlapCache()--
OverlapCache()--               reads loading olaps          olaps               memory
OverlapCache()--   olaps/read       all      some          loaded                 free
OverlapCache()--   ----------   -------   -------     ----------- -------     --------
OverlapCache()--        68261     10222         0          285426 100.00%      10642 MB
OverlapCache()--
OverlapCache()-- Loading overlaps.
OverlapCache()--
OverlapCache()--          read from store           saved in cache
OverlapCache()--   ------------ ---------   ------------ ---------
OverlapCache()--   ------------ ---------   ------------ ---------
OverlapCache()--         285426 (100.00%)         285297 (099.95%)
OverlapCache()--
OverlapCache()-- Ignored 0 duplicate overlaps.
OverlapCache()--
OverlapCache()-- Symmetrizing overlaps.
OverlapCache()--   Finding missing twins.
OverlapCache()--   In 285297 overlaps:
OverlapCache()--     Found 1578 overlaps with non-symmetric error rates.
OverlapCache()--     Found 21 overlaps with missing twins.
OverlapCache()--     Dropped 0 weak missing-twin overlaps.
OverlapCache()--   Shifting overlaps.
OverlapCache()--   Adding missing twins.
OverlapCache()--   Sorting overlaps.
OverlapCache()--   Checking overlap symmetry.
OverlapCache()--   Finished.

BestOverlapGraph()-- Computing Best Overlap Graph.
BestOverlapGraph()-- Allocating best edges (0MB).
BestOverlapGraph()-- Filtering high error edges.
BestOverlapGraph()--   Ignore overlaps with more than 1.300000% error.
BestOverlapGraph()-- Filtering reads with a gap in overlap coverage.
BestOverlapGraph()--   665 reads removed.
BestOverlapGraph()-- Filtering reads with lopsided best edges (more than 25.00% different).
BestOverlapGraph()--   3 reads have lopsided edges.
BestOverlapGraph()-- Filtering spur reads.
BestOverlapGraph()--   Initial            713 terminal  spur reads -      711/720      5'/3' spur path reads.
BestOverlapGraph()--   Iteration 1 -      713 terminal  spur reads -      710/716      5'/3' spur path reads -        2/2        edges changed to avoid spur path.
BestOverlapGraph()--   Iteration 2 -      713 terminal  spur reads -      710/715      5'/3' spur path reads -        1/0        edges changed to avoid spur path.
BestOverlapGraph()--   Iteration 3 -      713 terminal  spur reads -      710/715      5'/3' spur path reads -        0/0        edges changed to avoid spur path.
BestOverlapGraph()--   Final              717 confirmed spur reads -      710/715      5'/3' spur path reads.

==> BUILDING GREEDY TIGS.

breakSingletonTigs()-- Removed 0 singleton tigs; reads are now unplaced.
optimizePositions()-- Optimizing read positions for 10223 reads in 3 tigs, with 4 threads.
optimizePositions()--   Allocating scratch space for 10223 reads (319 KB).
optimizePositions()--   Initializing positions with 4 threads.
optimizePositions()--   Recomputing positions, iteration 1, with 4 threads.
optimizePositions()--     Reset zero.
optimizePositions()--     Checking convergence.
optimizePositions()--     converged:  10207 reads
optimizePositions()--     changed:       16 reads
optimizePositions()--   Recomputing positions, iteration 2, with 4 threads.
optimizePositions()--     Reset zero.
optimizePositions()--     Checking convergence.
optimizePositions()--     converged:  10218 reads
optimizePositions()--     changed:        5 reads
optimizePositions()--   Recomputing positions, iteration 3, with 4 threads.
optimizePositions()--     Reset zero.
optimizePositions()--     Checking convergence.
optimizePositions()--     converged:  10222 reads
optimizePositions()--     changed:        1 reads
optimizePositions()--   Recomputing positions, iteration 4, with 4 threads.
optimizePositions()--     Reset zero.
optimizePositions()--     Checking convergence.
optimizePositions()--     converged:  10222 reads
optimizePositions()--     changed:        1 reads
optimizePositions()--   Recomputing positions, iteration 5, with 4 threads.
optimizePositions()--     Reset zero.
optimizePositions()--     Checking convergence.
optimizePositions()--     converged:  10222 reads
optimizePositions()--     changed:        1 reads
optimizePositions()--   Expanding short reads with 4 threads.
optimizePositions()--   Updating positions.
optimizePositions()--   Finished.
splitDiscontinuous()-- Tested 2 tigs, split none.
detectSpur() done.
tested            1
nEdges      5'    0   3'    0
nPotential        0         0
nVerified         0         0

==> PLACE CONTAINED READS.

computeErrorProfiles()-- Computing error profiles for 3 tigs, with 4 threads.
computeErrorProfiles()-- Finished.

placeContains()-- placing 7781 contained and 1392 unplaced reads, with 4 threads.
placeContains()-- Placed 7768 contained reads and 21 unplaced reads.
placeContains()-- Failed to place 13 contained reads (too high error suspected) and 1371 unplaced reads (lack of overlaps suspected).
optimizePositions()-- Optimizing read positions for 10223 reads in 3 tigs, with 4 threads.
optimizePositions()--   Allocating scratch space for 10223 reads (319 KB).
optimizePositions()--   Initializing positions with 4 threads.
optimizePositions()--   Recomputing positions, iteration 1, with 4 threads.
optimizePositions()--     Reset zero.
optimizePositions()--     Checking convergence.
optimizePositions()--     converged:   9520 reads
optimizePositions()--     changed:      703 reads
optimizePositions()--   Recomputing positions, iteration 2, with 4 threads.
optimizePositions()--     Reset zero.
optimizePositions()--     Checking convergence.
optimizePositions()--     converged:  10196 reads
optimizePositions()--     changed:       27 reads
optimizePositions()--   Recomputing positions, iteration 3, with 4 threads.
optimizePositions()--     Reset zero.
optimizePositions()--     Checking convergence.
optimizePositions()--     converged:  10215 reads
optimizePositions()--     changed:        8 reads
optimizePositions()--   Recomputing positions, iteration 4, with 4 threads.
optimizePositions()--     Reset zero.
optimizePositions()--     Checking convergence.
optimizePositions()--     converged:  10221 reads
optimizePositions()--     changed:        2 reads
optimizePositions()--   Recomputing positions, iteration 5, with 4 threads.
optimizePositions()--     Reset zero.
optimizePositions()--     Checking convergence.
optimizePositions()--     converged:  10222 reads
optimizePositions()--     changed:        1 reads
optimizePositions()--   Expanding short reads with 4 threads.
optimizePositions()--   Updating positions.
optimizePositions()--   Finished.
splitDiscontinuous()-- Tested 2 tigs, split none.

==> MERGE ORPHANS.

computeErrorProfiles()-- Computing error profiles for 3 tigs, with 4 threads.
computeErrorProfiles()-- Finished.

findPotentialOrphans()-- working on 3 tigs.
findPotentialOrphans()-- found 1 potential orphans.
mergeOrphans()-- flagged       0        bubble tigs with 0 reads
mergeOrphans()-- placed        1 unique orphan tigs with 18 reads
mergeOrphans()-- shattered     0 repeat orphan tigs with 0 reads
mergeOrphans()-- ignored       0               tigs with 0 reads; failed to place
mergeOrphans()--

==> MARK SIMPLE BUBBLES.
    using 0.010000 user-specified threshold


findPotentialOrphans()-- working on 3 tigs.
findPotentialOrphans()-- found 0 potential orphans.
mergeOrphans()-- flagged       0        bubble tigs with 0 reads
mergeOrphans()-- placed        0 unique orphan tigs with 0 reads
mergeOrphans()-- shattered     0 repeat orphan tigs with 0 reads
mergeOrphans()-- ignored       0               tigs with 0 reads; failed to place
mergeOrphans()--
classifyAsUnassembled()--      0 tigs           0 bases -- singleton
classifyAsUnassembled()--      0 tigs           0 bases -- too few reads        (< 2 reads)
classifyAsUnassembled()--      0 tigs           0 bases -- too short            (< 0 bp)
classifyAsUnassembled()--      0 tigs           0 bases -- single spanning read (> 1.000000 tig length)
classifyAsUnassembled()--      0 tigs           0 bases -- low coverage         (> 0.500000 tig length at < 3 coverage)
classifyAsUnassembled()--      1 tigs     4642389 bases -- acceptable contigs


==> GENERATING ASSEMBLY GRAPH.

computeErrorProfiles()-- Computing error profiles for 3 tigs, with 4 threads.
computeErrorProfiles()-- Finished.

AssemblyGraph()-- allocating vectors for placements, 0.468MB
AssemblyGraph()-- finding edges for 8838 reads (7768 contained), ignoring 1384 unplaced reads, with 4 threads.
AssemblyGraph()-- building reverse edges.
AssemblyGraph()-- build complete.

==> BREAK REPEATS.

computeErrorProfiles()-- Computing error profiles for 3 tigs, with 4 threads.
computeErrorProfiles()-- Finished.

==> CLEANUP MISTAKES.

splitDiscontinuous()-- Tested 1 tig, split none.
promoteToSingleton()-- Moved 1384 unplaced reads to singleton tigs.
splitDiscontinuous()-- Tested 1 tig, split none.
promoteToSingleton()-- Moved 0 unplaced reads to singleton tigs.

==> CLEANUP GRAPH.


==> GENERATE OUTPUTS.


Bye.
