
Found perl:
   /usr/bin/perl
   This is perl 5, version 34, subversion 1 (v5.34.1) built for darwin-thread-multi-2level

Found java:
   /usr/bin/java
   java version "22.0.2" 2024-07-16

Found canu:
   /Users/pfb2024/PFB_problemsets/GenomeAssembly/canu-2.2/bin/canu
   canu 2.2

Running job 2 based on command line options.
Read_Frags()-- Loading target reads 4877 through 9634 with 41939793 bases.
Read_Frags()-- 2.226 GB for bases, votes and info.

Read_Olaps()-- Loading 133524 overlaps.
Read_Olaps()-- 0.002 GB for overlaps..

extractReads()-- Loading reads 1 to 10222 (9382 reads with 86336770 bases) overlaps 0 through 133524.
extractReads()-- Loaded.
processReads()-- Launching compute.
processReads()-- Waiting for compute.

Passed overlaps =     131648  98.5950%
Failed overlaps =       1876   1.4050%
Output file: ./00002.red.WORKING

Bye.
