
Found perl:
   /usr/bin/perl
   This is perl 5, version 34, subversion 1 (v5.34.1) built for darwin-thread-multi-2level

Found java:
   /usr/bin/java
   java version "22.0.2" 2024-07-16

Found canu:
   /Users/pfb2024/PFB_problemsets/GenomeAssembly/canu-2.2/bin/canu
   canu 2.2


Creating library 'pacbio.0.40' for PacBio raw reads.

               reads               bases
---------- --------- ------ ------------ ------
Loaded          1248  95.0%     11150786  99.7%  /Users/pfb2024/PFB_problemsets/GenomeAssembly/pacbio.0.40.fastq
Short             65   5.0%        34366   0.3%
Warnings           1


All reads processed.

               reads               bases
---------- --------- ------ ------------ ------
Loaded          1248  95.0%     11150786  99.7%
Short             65   5.0%        34366   0.3%
Warnings           1


Bye.
