
Found perl:
   /usr/bin/perl
   This is perl 5, version 34, subversion 1 (v5.34.1) built for darwin-thread-multi-2level

Found java:
   /usr/bin/java
   java version "22.0.2" 2024-07-16

Found canu:
   /Users/pfb2024/PFB_problemsets/GenomeAssembly/canu-2.2/bin/canu
   canu 2.2

Running job 3 based on command line options.
Read_Frags()-- Loading target reads 9635 through 10222 with 5034350 bases.
Read_Frags()-- 0.267 GB for bases, votes and info.

Read_Olaps()-- Loading 20327 overlaps.
Read_Olaps()-- 0.000 GB for overlaps..

extractReads()-- Loading reads 1 to 10221 (8373 reads with 79330388 bases) overlaps 0 through 20327.
extractReads()-- Loaded.
processReads()-- Launching compute.
processReads()-- Waiting for compute.

Passed overlaps =      20216  99.4539%
Failed overlaps =        111   0.5461%
Output file: ./00003.red.WORKING

Bye.
